INFO 2023-09-20 12:05:00,043 autoreload 17736 3152 Watching for file changes with StatReloader
INFO 2023-09-20 12:05:01,929 basehttp 17736 9916 "GET / HTTP/1.1" 200 11
INFO 2023-09-20 12:05:02,432 basehttp 17736 2700 "GET / HTTP/1.1" 200 11
INFO 2023-09-20 12:11:04,840 autoreload 17736 3152 C:\Users\odaro\pythonProject\DjangoGeelbrains\Seminar1\Home1\MYRandom\views.py changed, reloading.
INFO 2023-09-20 12:11:05,447 autoreload 2600 7812 Watching for file changes with StatReloader
INFO 2023-09-20 12:15:00,229 autoreload 2600 7812 C:\Users\odaro\pythonProject\DjangoGeelbrains\Seminar1\Home1\shop\views.py changed, reloading.
INFO 2023-09-20 12:15:00,868 autoreload 7524 9888 Watching for file changes with StatReloader
INFO 2023-09-20 12:15:01,470 views 7524 12732 OK
INFO 2023-09-20 12:15:01,471 basehttp 7524 12732 "GET / HTTP/1.1" 200 11
INFO 2023-09-20 12:15:02,153 views 7524 14296 OK
INFO 2023-09-20 12:15:02,154 basehttp 7524 14296 "GET / HTTP/1.1" 200 11
WARNING 2023-09-20 12:15:15,642 log 7524 12732 Not Found: /about/
WARNING 2023-09-20 12:15:15,643 basehttp 7524 12732 "GET /about/ HTTP/1.1" 404 2362
WARNING 2023-09-20 12:15:15,868 log 7524 14296 Not Found: /about/
WARNING 2023-09-20 12:15:15,869 basehttp 7524 14296 "GET /about/ HTTP/1.1" 404 2362
WARNING 2023-09-20 12:15:26,640 log 7524 12732 Not Found: /round/one
WARNING 2023-09-20 12:15:26,646 basehttp 7524 12732 "GET /round/one HTTP/1.1" 404 2371
WARNING 2023-09-20 12:15:26,807 log 7524 14296 Not Found: /round/one
WARNING 2023-09-20 12:15:26,808 basehttp 7524 14296 "GET /round/one HTTP/1.1" 404 2371
INFO 2023-09-20 12:15:38,109 basehttp 7524 12732 "GET /random/one HTTP/1.1" 301 0
INFO 2023-09-20 12:15:38,120 basehttp 7524 20652 "GET /random/one/ HTTP/1.1" 200 8
INFO 2023-09-20 12:15:38,330 basehttp 7524 14296 "GET /random/one/ HTTP/1.1" 200 10
INFO 2023-09-20 12:15:54,047 basehttp 7524 20652 "GET /random/one/ HTTP/1.1" 200 10
INFO 2023-09-20 12:15:54,187 basehttp 7524 14296 "GET /random/one/ HTTP/1.1" 200 8
INFO 2023-09-20 12:16:00,612 basehttp 7524 20652 "GET /random/two/ HTTP/1.1" 200 1
INFO 2023-09-20 12:16:00,785 basehttp 7524 14296 "GET /random/two/ HTTP/1.1" 200 1
INFO 2023-09-20 12:16:08,047 basehttp 7524 20652 "GET /random/two/ HTTP/1.1" 200 1
INFO 2023-09-20 12:16:08,153 basehttp 7524 14296 "GET /random/two/ HTTP/1.1" 200 1
INFO 2023-09-20 12:16:09,455 basehttp 7524 20652 "GET /random/two/ HTTP/1.1" 200 1
INFO 2023-09-20 12:16:09,623 basehttp 7524 14296 "GET /random/two/ HTTP/1.1" 200 1
INFO 2023-09-20 12:16:10,261 basehttp 7524 20652 "GET /random/two/ HTTP/1.1" 200 1
INFO 2023-09-20 12:16:10,365 basehttp 7524 14296 "GET /random/two/ HTTP/1.1" 200 1
INFO 2023-09-20 12:16:10,967 basehttp 7524 20652 "GET /random/two/ HTTP/1.1" 200 1
INFO 2023-09-20 12:16:11,066 basehttp 7524 14296 "GET /random/two/ HTTP/1.1" 200 1
INFO 2023-09-20 12:16:16,621 basehttp 7524 20652 "GET /random/three/ HTTP/1.1" 200 1
INFO 2023-09-20 12:16:16,748 basehttp 7524 14296 "GET /random/three/ HTTP/1.1" 200 2
INFO 2023-09-20 12:16:18,063 basehttp 7524 20652 "GET /random/three/ HTTP/1.1" 200 2
INFO 2023-09-20 12:16:18,164 basehttp 7524 14296 "GET /random/three/ HTTP/1.1" 200 2
INFO 2023-09-20 12:16:18,776 basehttp 7524 20652 "GET /random/three/ HTTP/1.1" 200 2
INFO 2023-09-20 12:16:18,904 basehttp 7524 14296 "GET /random/three/ HTTP/1.1" 200 2
INFO 2023-09-20 12:16:19,334 basehttp 7524 20652 "GET /random/three/ HTTP/1.1" 200 2
INFO 2023-09-20 12:16:19,438 basehttp 7524 14296 "GET /random/three/ HTTP/1.1" 200 2
INFO 2023-09-20 12:16:20,035 basehttp 7524 20652 "GET /random/three/ HTTP/1.1" 200 2
INFO 2023-09-20 12:16:20,135 basehttp 7524 14296 "GET /random/three/ HTTP/1.1" 200 2
INFO 2023-09-20 12:18:07,285 autoreload 7524 9888 C:\Users\odaro\pythonProject\DjangoGeelbrains\Seminar1\Home1\MYRandom\views.py changed, reloading.
INFO 2023-09-20 12:18:07,954 autoreload 24724 5164 Watching for file changes with StatReloader
INFO 2023-09-20 12:21:24,859 views 24724 13612 OK
INFO 2023-09-20 12:21:24,862 basehttp 24724 13612 "GET / HTTP/1.1" 200 11
INFO 2023-09-20 12:30:44,305 basehttp 24724 2004 "GET /random/two/ HTTP/1.1" 200 1
INFO 2023-09-20 14:11:13,547 autoreload 24724 5164 C:\Users\odaro\pythonProject\DjangoGeelbrains\Seminar1\Home1\shop\views.py changed, reloading.
INFO 2023-09-20 14:11:14,473 autoreload 4524 20424 Watching for file changes with StatReloader
INFO 2023-09-20 14:13:22,732 autoreload 4524 20424 C:\Users\odaro\pythonProject\DjangoGeelbrains\Seminar1\Home1\shop\views.py changed, reloading.
INFO 2023-09-20 14:13:23,474 autoreload 17028 25028 Watching for file changes with StatReloader
INFO 2023-09-20 14:14:25,470 autoreload 17028 25028 C:\Users\odaro\pythonProject\DjangoGeelbrains\Seminar1\Home1\shop\views.py changed, reloading.
INFO 2023-09-20 14:14:26,148 autoreload 19848 13792 Watching for file changes with StatReloader
INFO 2023-09-20 14:14:30,971 basehttp 19848 9188 "GET /random/two/ HTTP/1.1" 200 1
INFO 2023-09-20 14:14:31,285 basehttp 19848 13024 "GET /random/two/ HTTP/1.1" 200 1
INFO 2023-09-20 14:14:31,480 basehttp 19848 9188 "GET /random/two/ HTTP/1.1" 200 1
INFO 2023-09-20 14:14:31,606 basehttp 19848 13024 "GET /random/two/ HTTP/1.1" 200 1
INFO 2023-09-20 14:14:32,549 basehttp 19848 9188 "GET /random/two/ HTTP/1.1" 200 1
INFO 2023-09-20 14:14:32,649 basehttp 19848 13024 "GET /random/two/ HTTP/1.1" 200 1
INFO 2023-09-20 14:14:34,275 basehttp 19848 9188 "GET /random/two/ HTTP/1.1" 200 1
INFO 2023-09-20 14:14:34,379 basehttp 19848 13024 "GET /random/two/ HTTP/1.1" 200 1
WARNING 2023-09-20 14:14:40,200 log 19848 9188 Not Found: /פטשדו
WARNING 2023-09-20 14:14:40,201 basehttp 19848 9188 "GET /%D1%84%D0%B8%D1%89%D0%B3%D0%B5 HTTP/1.1" 404 2394
WARNING 2023-09-20 14:14:40,319 log 19848 13024 Not Found: /פטשדו
WARNING 2023-09-20 14:14:40,320 basehttp 19848 13024 "GET /%D1%84%D0%B8%D1%89%D0%B3%D0%B5 HTTP/1.1" 404 2394
WARNING 2023-09-20 14:15:03,520 log 19848 9188 Not Found: /פטשדו
WARNING 2023-09-20 14:15:03,521 basehttp 19848 9188 "GET /%D1%84%D0%B8%D1%89%D0%B3%D0%B5 HTTP/1.1" 404 2394
INFO 2023-09-20 14:15:03,534 autoreload 19848 13792 C:\Users\odaro\pythonProject\DjangoGeelbrains\Seminar1\Home1\shop\urls.py changed, reloading.
INFO 2023-09-20 14:15:04,249 autoreload 964 16592 Watching for file changes with StatReloader
WARNING 2023-09-20 14:15:04,442 log 964 15524 Not Found: /פטשדו
WARNING 2023-09-20 14:15:04,443 basehttp 964 15524 "GET /%D1%84%D0%B8%D1%89%D0%B3%D0%B5 HTTP/1.1" 404 2561
WARNING 2023-09-20 14:15:04,806 log 964 15916 Not Found: /פטשדו
WARNING 2023-09-20 14:15:04,807 basehttp 964 15916 "GET /%D1%84%D0%B8%D1%89%D0%B3%D0%B5 HTTP/1.1" 404 2561
WARNING 2023-09-20 14:15:04,922 log 964 15524 Not Found: /פטשדו
WARNING 2023-09-20 14:15:04,923 basehttp 964 15524 "GET /%D1%84%D0%B8%D1%89%D0%B3%D0%B5 HTTP/1.1" 404 2561
WARNING 2023-09-20 14:15:05,652 log 964 15916 Not Found: /פטשדו
WARNING 2023-09-20 14:15:05,653 basehttp 964 15916 "GET /%D1%84%D0%B8%D1%89%D0%B3%D0%B5 HTTP/1.1" 404 2561
WARNING 2023-09-20 14:15:05,778 log 964 15524 Not Found: /פטשדו
WARNING 2023-09-20 14:15:05,778 basehttp 964 15524 "GET /%D1%84%D0%B8%D1%89%D0%B3%D0%B5 HTTP/1.1" 404 2561
WARNING 2023-09-20 14:15:06,785 log 964 15916 Not Found: /פטשדו
WARNING 2023-09-20 14:15:06,786 basehttp 964 15916 "GET /%D1%84%D0%B8%D1%89%D0%B3%D0%B5 HTTP/1.1" 404 2561
WARNING 2023-09-20 14:15:06,922 log 964 15524 Not Found: /פטשדו
WARNING 2023-09-20 14:15:06,923 basehttp 964 15524 "GET /%D1%84%D0%B8%D1%89%D0%B3%D0%B5 HTTP/1.1" 404 2561
WARNING 2023-09-20 14:15:08,013 log 964 15916 Not Found: /פטשדו
WARNING 2023-09-20 14:15:08,013 basehttp 964 15916 "GET /%D1%84%D0%B8%D1%89%D0%B3%D0%B5 HTTP/1.1" 404 2561
WARNING 2023-09-20 14:15:08,133 log 964 15524 Not Found: /פטשדו
WARNING 2023-09-20 14:15:08,134 basehttp 964 15524 "GET /%D1%84%D0%B8%D1%89%D0%B3%D0%B5 HTTP/1.1" 404 2561
INFO 2023-09-20 14:15:32,218 autoreload 964 16592 C:\Users\odaro\pythonProject\DjangoGeelbrains\Seminar1\Home1\shop\views.py changed, reloading.
INFO 2023-09-20 14:15:32,828 autoreload 23484 14936 Watching for file changes with StatReloader
INFO 2023-09-20 14:15:34,564 views 23484 21024 about
INFO 2023-09-20 14:15:34,565 basehttp 23484 21024 "GET /about/ HTTP/1.1" 200 2602
INFO 2023-09-20 14:15:34,707 views 23484 13708 about
INFO 2023-09-20 14:15:34,708 basehttp 23484 13708 "GET /about/ HTTP/1.1" 200 2602
INFO 2023-09-20 14:18:26,597 autoreload 23484 14936 C:\Users\odaro\pythonProject\DjangoGeelbrains\Seminar1\Home1\shop\views.py changed, reloading.
INFO 2023-09-20 14:18:27,300 autoreload 23512 13856 Watching for file changes with StatReloader
INFO 2023-09-20 14:18:27,475 views 23512 5112 about
INFO 2023-09-20 14:18:27,476 basehttp 23512 5112 "GET /about/ HTTP/1.1" 200 2732
INFO 2023-09-20 14:18:27,742 views 23512 2472 about
INFO 2023-09-20 14:18:27,743 basehttp 23512 2472 "GET /about/ HTTP/1.1" 200 2732
INFO 2023-09-20 14:18:49,506 views 23512 5112 about
INFO 2023-09-20 14:18:49,506 basehttp 23512 5112 "GET /about/ HTTP/1.1" 200 2732
INFO 2023-09-20 14:18:49,620 views 23512 2472 about
INFO 2023-09-20 14:18:49,622 basehttp 23512 2472 "GET /about/ HTTP/1.1" 200 2732
INFO 2023-09-20 14:18:50,208 autoreload 23512 13856 C:\Users\odaro\pythonProject\DjangoGeelbrains\Seminar1\Home1\shop\views.py changed, reloading.
INFO 2023-09-20 14:18:50,816 autoreload 10040 4908 Watching for file changes with StatReloader
INFO 2023-09-20 14:18:50,996 views 10040 3096 about
INFO 2023-09-20 14:18:50,997 basehttp 10040 3096 "GET /about/ HTTP/1.1" 200 2743
INFO 2023-09-20 14:18:51,104 views 10040 19384 about
INFO 2023-09-20 14:18:51,104 basehttp 10040 19384 "GET /about/ HTTP/1.1" 200 2743
INFO 2023-09-20 14:19:50,426 autoreload 10040 4908 C:\Users\odaro\pythonProject\DjangoGeelbrains\Seminar1\Home1\shop\views.py changed, reloading.
INFO 2023-09-20 14:19:51,030 autoreload 18820 13860 Watching for file changes with StatReloader
INFO 2023-09-20 14:21:16,506 autoreload 18820 13860 C:\Users\odaro\pythonProject\DjangoGeelbrains\Seminar1\Home1\shop\views.py changed, reloading.
INFO 2023-09-20 14:21:17,132 autoreload 19948 25536 Watching for file changes with StatReloader
INFO 2023-09-20 14:21:17,312 views 19948 12732 about
INFO 2023-09-20 14:21:17,314 basehttp 19948 12732 "GET /about/ HTTP/1.1" 200 2772
INFO 2023-09-20 14:21:17,579 views 19948 13476 about
INFO 2023-09-20 14:21:17,580 basehttp 19948 13476 "GET /about/ HTTP/1.1" 200 2772
INFO 2023-09-20 14:21:55,330 autoreload 19948 25536 C:\Users\odaro\pythonProject\DjangoGeelbrains\Seminar1\Home1\shop\views.py changed, reloading.
INFO 2023-09-20 14:21:55,937 autoreload 15524 19896 Watching for file changes with StatReloader
INFO 2023-09-20 14:22:00,528 views 15524 7136 about
INFO 2023-09-20 14:22:00,529 basehttp 15524 7136 "GET /about/ HTTP/1.1" 200 2805
INFO 2023-09-20 14:22:00,669 views 15524 22980 about
INFO 2023-09-20 14:22:00,670 basehttp 15524 22980 "GET /about/ HTTP/1.1" 200 2805
INFO 2023-09-20 14:22:01,841 views 15524 7136 about
INFO 2023-09-20 14:22:01,842 basehttp 15524 7136 "GET /about/ HTTP/1.1" 200 2805
INFO 2023-09-20 14:22:01,952 views 15524 22980 about
INFO 2023-09-20 14:22:01,953 basehttp 15524 22980 "GET /about/ HTTP/1.1" 200 2805
INFO 2023-09-20 14:22:02,549 views 15524 7136 about
INFO 2023-09-20 14:22:02,553 basehttp 15524 7136 "GET /about/ HTTP/1.1" 200 2805
INFO 2023-09-20 14:22:02,670 views 15524 22980 about
INFO 2023-09-20 14:22:02,671 basehttp 15524 22980 "GET /about/ HTTP/1.1" 200 2805
INFO 2023-09-20 14:22:03,383 views 15524 7136 about
INFO 2023-09-20 14:22:03,386 basehttp 15524 7136 "GET /about/ HTTP/1.1" 200 2805
INFO 2023-09-20 14:22:03,487 views 15524 22980 about
INFO 2023-09-20 14:22:03,489 basehttp 15524 22980 "GET /about/ HTTP/1.1" 200 2805
INFO 2023-09-20 14:23:56,599 autoreload 15524 19896 C:\Users\odaro\pythonProject\DjangoGeelbrains\Seminar1\Home1\shop\views.py changed, reloading.
INFO 2023-09-20 14:23:57,313 autoreload 16372 10448 Watching for file changes with StatReloader
INFO 2023-09-20 14:23:57,446 views 16372 9956 about
INFO 2023-09-20 14:23:57,446 basehttp 16372 9956 "GET /about/ HTTP/1.1" 200 2838
INFO 2023-09-20 14:23:57,563 views 16372 7104 about
INFO 2023-09-20 14:23:57,564 basehttp 16372 7104 "GET /about/ HTTP/1.1" 200 2838
INFO 2023-09-20 14:23:58,906 views 16372 9956 about
INFO 2023-09-20 14:23:58,907 basehttp 16372 9956 "GET /about/ HTTP/1.1" 200 2838
INFO 2023-09-20 14:23:59,014 views 16372 7104 about
INFO 2023-09-20 14:23:59,015 basehttp 16372 7104 "GET /about/ HTTP/1.1" 200 2838
INFO 2023-09-20 14:23:59,387 views 16372 9956 about
INFO 2023-09-20 14:23:59,389 basehttp 16372 9956 "GET /about/ HTTP/1.1" 200 2838
INFO 2023-09-20 14:23:59,492 views 16372 7104 about
INFO 2023-09-20 14:23:59,492 basehttp 16372 7104 "GET /about/ HTTP/1.1" 200 2838
INFO 2023-09-20 14:23:59,587 views 16372 9956 about
INFO 2023-09-20 14:23:59,588 basehttp 16372 9956 "GET /about/ HTTP/1.1" 200 2838
INFO 2023-09-20 14:23:59,694 views 16372 7104 about
INFO 2023-09-20 14:23:59,695 basehttp 16372 7104 "GET /about/ HTTP/1.1" 200 2838
INFO 2023-09-20 14:25:41,319 autoreload 16372 10448 C:\Users\odaro\pythonProject\DjangoGeelbrains\Seminar1\Home1\shop\views.py changed, reloading.
INFO 2023-09-20 14:25:41,951 autoreload 23012 14280 Watching for file changes with StatReloader
INFO 2023-09-20 14:25:43,173 views 23012 8212 about
INFO 2023-09-20 14:25:43,174 basehttp 23012 8212 "GET /about/ HTTP/1.1" 200 2983
INFO 2023-09-20 14:25:43,471 views 23012 9292 about
INFO 2023-09-20 14:25:43,472 basehttp 23012 9292 "GET /about/ HTTP/1.1" 200 2983
INFO 2023-09-20 14:25:43,940 views 23012 8212 about
INFO 2023-09-20 14:25:43,941 basehttp 23012 8212 "GET /about/ HTTP/1.1" 200 2983
INFO 2023-09-20 14:25:44,055 views 23012 9292 about
INFO 2023-09-20 14:25:44,056 basehttp 23012 9292 "GET /about/ HTTP/1.1" 200 2983
INFO 2023-09-20 14:25:44,204 views 23012 8212 about
INFO 2023-09-20 14:25:44,205 basehttp 23012 8212 "GET /about/ HTTP/1.1" 200 2983
INFO 2023-09-20 14:25:44,317 views 23012 9292 about
INFO 2023-09-20 14:25:44,317 basehttp 23012 9292 "GET /about/ HTTP/1.1" 200 2983
INFO 2023-09-20 14:25:44,406 views 23012 8212 about
INFO 2023-09-20 14:25:44,406 basehttp 23012 8212 "GET /about/ HTTP/1.1" 200 2983
INFO 2023-09-20 14:25:44,524 views 23012 9292 about
INFO 2023-09-20 14:25:44,525 basehttp 23012 9292 "GET /about/ HTTP/1.1" 200 2983
INFO 2023-09-20 14:25:44,584 views 23012 8212 about
INFO 2023-09-20 14:25:44,585 basehttp 23012 8212 "GET /about/ HTTP/1.1" 200 2983
INFO 2023-09-20 14:25:44,683 views 23012 9292 about
INFO 2023-09-20 14:25:44,684 basehttp 23012 9292 "GET /about/ HTTP/1.1" 200 2983
INFO 2023-09-20 14:26:19,327 autoreload 23012 14280 C:\Users\odaro\pythonProject\DjangoGeelbrains\Seminar1\Home1\shop\views.py changed, reloading.
INFO 2023-09-20 14:26:20,045 autoreload 1848 24392 Watching for file changes with StatReloader
INFO 2023-09-20 14:26:24,317 views 1848 17172 about
INFO 2023-09-20 14:26:24,319 basehttp 1848 17172 "GET /about/ HTTP/1.1" 200 2987
INFO 2023-09-20 14:26:24,448 views 1848 24856 about
INFO 2023-09-20 14:26:24,451 basehttp 1848 24856 "GET /about/ HTTP/1.1" 200 2987
INFO 2023-09-20 14:27:23,269 autoreload 1848 24392 C:\Users\odaro\pythonProject\DjangoGeelbrains\Seminar1\Home1\shop\views.py changed, reloading.
INFO 2023-09-20 14:27:23,994 autoreload 17444 3164 Watching for file changes with StatReloader
INFO 2023-09-20 14:27:24,975 views 17444 8604 about
INFO 2023-09-20 14:27:24,977 basehttp 17444 8604 "GET /about/ HTTP/1.1" 200 2988
INFO 2023-09-20 14:27:25,097 views 17444 25444 about
INFO 2023-09-20 14:27:25,098 basehttp 17444 25444 "GET /about/ HTTP/1.1" 200 2988
INFO 2023-09-20 14:27:34,494 autoreload 17444 3164 C:\Users\odaro\pythonProject\DjangoGeelbrains\Seminar1\Home1\shop\views.py changed, reloading.
INFO 2023-09-20 14:27:35,226 autoreload 9548 15676 Watching for file changes with StatReloader
INFO 2023-09-20 14:27:35,754 views 9548 13956 about
INFO 2023-09-20 14:27:35,755 basehttp 9548 13956 "GET /about/ HTTP/1.1" 200 2987
INFO 2023-09-20 14:27:36,035 views 9548 16788 about
INFO 2023-09-20 14:27:36,035 basehttp 9548 16788 "GET /about/ HTTP/1.1" 200 2987
INFO 2023-09-20 14:27:54,035 autoreload 9548 15676 C:\Users\odaro\pythonProject\DjangoGeelbrains\Seminar1\Home1\shop\views.py changed, reloading.
INFO 2023-09-20 14:27:54,729 autoreload 22128 15496 Watching for file changes with StatReloader
INFO 2023-09-20 14:27:54,875 views 22128 9848 about
INFO 2023-09-20 14:27:54,876 basehttp 22128 9848 "GET /about/ HTTP/1.1" 200 2987
INFO 2023-09-20 14:27:54,994 views 22128 7192 about
INFO 2023-09-20 14:27:54,995 basehttp 22128 7192 "GET /about/ HTTP/1.1" 200 2987
INFO 2023-09-20 14:28:05,246 autoreload 22128 15496 C:\Users\odaro\pythonProject\DjangoGeelbrains\Seminar1\Home1\shop\views.py changed, reloading.
INFO 2023-09-20 14:28:05,920 autoreload 22112 3468 Watching for file changes with StatReloader
INFO 2023-09-20 14:28:06,218 views 22112 5792 about
INFO 2023-09-20 14:28:06,220 basehttp 22112 5792 "GET /about/ HTTP/1.1" 200 2986
INFO 2023-09-20 14:28:06,337 views 22112 17772 about
INFO 2023-09-20 14:28:06,338 basehttp 22112 17772 "GET /about/ HTTP/1.1" 200 2986
INFO 2023-09-20 14:28:28,885 autoreload 22112 3468 C:\Users\odaro\pythonProject\DjangoGeelbrains\Seminar1\Home1\shop\views.py changed, reloading.
INFO 2023-09-20 14:28:29,573 autoreload 12380 15268 Watching for file changes with StatReloader
INFO 2023-09-20 14:31:02,089 autoreload 12380 15268 C:\Users\odaro\pythonProject\DjangoGeelbrains\Seminar1\Home1\shop\views.py changed, reloading.
INFO 2023-09-20 14:31:02,841 autoreload 25124 11220 Watching for file changes with StatReloader
INFO 2023-09-20 14:31:06,727 views 25124 6836 OK
INFO 2023-09-20 14:31:06,728 basehttp 25124 6836 "GET / HTTP/1.1" 200 11
INFO 2023-09-20 14:31:06,860 views 25124 23280 OK
INFO 2023-09-20 14:31:06,861 basehttp 25124 23280 "GET / HTTP/1.1" 200 11
INFO 2023-09-20 14:31:08,597 views 25124 6836 OK
INFO 2023-09-20 14:31:08,598 basehttp 25124 6836 "GET / HTTP/1.1" 200 11
INFO 2023-09-20 14:31:08,711 views 25124 23280 OK
INFO 2023-09-20 14:31:08,712 basehttp 25124 23280 "GET / HTTP/1.1" 200 11
INFO 2023-09-20 14:31:26,886 autoreload 25124 11220 C:\Users\odaro\pythonProject\DjangoGeelbrains\Seminar1\Home1\shop\views.py changed, reloading.
INFO 2023-09-20 14:31:27,505 autoreload 23948 9516 Watching for file changes with StatReloader
INFO 2023-09-20 14:31:27,818 views 23948 1688 OK
INFO 2023-09-20 14:31:27,819 basehttp 23948 1688 "GET / HTTP/1.1" 200 1638
WARNING 2023-09-20 14:31:27,883 log 23948 1688 Not Found: /style.css
WARNING 2023-09-20 14:31:27,884 log 23948 8044 Not Found: /product1.jpg
WARNING 2023-09-20 14:31:27,885 basehttp 23948 1688 "GET /style.css HTTP/1.1" 404 2538
WARNING 2023-09-20 14:31:27,885 basehttp 23948 8044 "GET /product1.jpg HTTP/1.1" 404 2547
INFO 2023-09-20 14:31:27,940 views 23948 12968 OK
INFO 2023-09-20 14:31:27,941 basehttp 23948 12968 "GET / HTTP/1.1" 200 1638
INFO 2023-09-20 14:32:12,833 autoreload 23948 9516 C:\Users\odaro\pythonProject\DjangoGeelbrains\Seminar1\Home1\shop\views.py changed, reloading.
INFO 2023-09-20 14:32:13,619 autoreload 1960 24432 Watching for file changes with StatReloader
INFO 2023-09-20 14:33:49,273 autoreload 1960 24432 C:\Users\odaro\pythonProject\DjangoGeelbrains\Seminar1\Home1\shop\views.py changed, reloading.
INFO 2023-09-20 14:33:49,949 autoreload 11708 20536 Watching for file changes with StatReloader
INFO 2023-09-20 14:33:51,031 views 11708 11640 OK
INFO 2023-09-20 14:33:51,033 basehttp 11708 11640 "GET / HTTP/1.1" 200 1735
WARNING 2023-09-20 14:33:51,082 log 11708 11640 Not Found: /style.css
WARNING 2023-09-20 14:33:51,083 log 11708 11372 Not Found: /product1.jpg
WARNING 2023-09-20 14:33:51,084 basehttp 11708 11640 "GET /style.css HTTP/1.1" 404 2538
WARNING 2023-09-20 14:33:51,085 basehttp 11708 11372 "GET /product1.jpg HTTP/1.1" 404 2547
INFO 2023-09-20 14:33:51,315 views 11708 24036 OK
INFO 2023-09-20 14:33:51,316 basehttp 11708 24036 "GET / HTTP/1.1" 200 1735
INFO 2023-09-20 14:33:52,656 views 11708 11372 OK
INFO 2023-09-20 14:33:52,657 basehttp 11708 11372 "GET / HTTP/1.1" 200 1735
WARNING 2023-09-20 14:33:52,696 log 11708 11640 Not Found: /product1.jpg
WARNING 2023-09-20 14:33:52,697 log 11708 11372 Not Found: /style.css
WARNING 2023-09-20 14:33:52,698 basehttp 11708 11640 "GET /product1.jpg HTTP/1.1" 404 2547
WARNING 2023-09-20 14:33:52,699 basehttp 11708 11372 "GET /style.css HTTP/1.1" 404 2538
INFO 2023-09-20 14:33:52,798 views 11708 24036 OK
INFO 2023-09-20 14:33:52,799 basehttp 11708 24036 "GET / HTTP/1.1" 200 1735
INFO 2023-09-20 14:34:48,730 autoreload 11708 20536 C:\Users\odaro\pythonProject\DjangoGeelbrains\Seminar1\Home1\shop\views.py changed, reloading.
INFO 2023-09-20 14:34:49,394 autoreload 18852 11524 Watching for file changes with StatReloader
INFO 2023-09-20 14:34:50,265 views 18852 2220 OK
INFO 2023-09-20 14:34:50,266 basehttp 18852 2220 "GET / HTTP/1.1" 200 1762
WARNING 2023-09-20 14:34:50,317 log 18852 23536 Not Found: /product1.jpg
WARNING 2023-09-20 14:34:50,317 log 18852 2220 Not Found: /style.css
WARNING 2023-09-20 14:34:50,319 basehttp 18852 2220 "GET /style.css HTTP/1.1" 404 2538
WARNING 2023-09-20 14:34:50,319 basehttp 18852 23536 "GET /product1.jpg HTTP/1.1" 404 2547
INFO 2023-09-20 14:34:50,388 views 18852 11616 OK
INFO 2023-09-20 14:34:50,389 basehttp 18852 11616 "GET / HTTP/1.1" 200 1762
INFO 2023-09-20 14:34:51,441 views 18852 2220 OK
INFO 2023-09-20 14:34:51,442 basehttp 18852 2220 "GET / HTTP/1.1" 200 1762
WARNING 2023-09-20 14:34:51,482 log 18852 2220 Not Found: /style.css
WARNING 2023-09-20 14:34:51,483 log 18852 23536 Not Found: /product1.jpg
WARNING 2023-09-20 14:34:51,483 basehttp 18852 2220 "GET /style.css HTTP/1.1" 404 2538
WARNING 2023-09-20 14:34:51,484 basehttp 18852 23536 "GET /product1.jpg HTTP/1.1" 404 2547
INFO 2023-09-20 14:34:51,563 views 18852 11616 OK
INFO 2023-09-20 14:34:51,564 basehttp 18852 11616 "GET / HTTP/1.1" 200 1762
INFO 2023-09-20 14:38:17,064 autoreload 18852 11524 C:\Users\odaro\pythonProject\DjangoGeelbrains\Seminar1\Home1\shop\views.py changed, reloading.
INFO 2023-09-20 14:38:17,719 autoreload 17368 3100 Watching for file changes with StatReloader
INFO 2023-09-20 14:38:44,624 autoreload 17368 3100 C:\Users\odaro\pythonProject\DjangoGeelbrains\Seminar1\Home1\shop\views.py changed, reloading.
INFO 2023-09-20 14:38:45,276 autoreload 23948 24256 Watching for file changes with StatReloader
INFO 2023-09-20 14:38:45,867 views 23948 14932 OK
INFO 2023-09-20 14:38:45,868 basehttp 23948 14932 "GET / HTTP/1.1" 200 1903
WARNING 2023-09-20 14:38:45,926 log 23948 14932 Not Found: /style.css
WARNING 2023-09-20 14:38:45,927 log 23948 17904 Not Found: /product1.jpg
WARNING 2023-09-20 14:38:45,928 basehttp 23948 17904 "GET /product1.jpg HTTP/1.1" 404 2547
WARNING 2023-09-20 14:38:45,928 basehttp 23948 14932 "GET /style.css HTTP/1.1" 404 2538
INFO 2023-09-20 14:38:46,010 views 23948 15288 OK
INFO 2023-09-20 14:38:46,013 basehttp 23948 15288 "GET / HTTP/1.1" 200 1903
INFO 2023-09-20 14:39:12,332 autoreload 23948 24256 C:\Users\odaro\pythonProject\DjangoGeelbrains\Seminar1\Home1\shop\views.py changed, reloading.
INFO 2023-09-20 14:39:13,017 autoreload 5712 1700 Watching for file changes with StatReloader
INFO 2023-09-20 14:39:30,740 autoreload 5712 1700 C:\Users\odaro\pythonProject\DjangoGeelbrains\Seminar1\Home1\shop\views.py changed, reloading.
INFO 2023-09-20 14:39:31,626 autoreload 19196 10148 Watching for file changes with StatReloader
INFO 2023-09-20 14:39:32,003 views 19196 15960 OK
INFO 2023-09-20 14:39:32,004 basehttp 19196 15960 "GET / HTTP/1.1" 200 1963
INFO 2023-09-20 15:07:11,556 autoreload 19196 10148 C:\Users\odaro\pythonProject\DjangoGeelbrains\Seminar1\Home1\shop\views.py changed, reloading.
INFO 2023-09-20 15:07:12,389 autoreload 21144 25032 Watching for file changes with StatReloader
INFO 2023-09-20 15:07:12,712 views 21144 17636 OK
INFO 2023-09-20 15:07:12,713 basehttp 21144 17636 "GET / HTTP/1.1" 200 2008
WARNING 2023-09-20 15:07:12,753 log 21144 17636 Not Found: /style.css
WARNING 2023-09-20 15:07:12,754 basehttp 21144 17636 "GET /style.css HTTP/1.1" 404 2538
WARNING 2023-09-20 15:07:12,760 log 21144 17636 Not Found: /product1.jpg
WARNING 2023-09-20 15:07:12,761 basehttp 21144 17636 "GET /product1.jpg HTTP/1.1" 404 2547
INFO 2023-09-20 15:07:13,163 views 21144 27352 OK
INFO 2023-09-20 15:07:13,164 basehttp 21144 27352 "GET / HTTP/1.1" 200 2008
INFO 2023-09-20 15:08:25,245 autoreload 21144 25032 C:\Users\odaro\pythonProject\DjangoGeelbrains\Seminar1\Home1\shop\views.py changed, reloading.
INFO 2023-09-20 15:08:25,899 autoreload 11296 18512 Watching for file changes with StatReloader
INFO 2023-09-20 15:08:26,203 views 11296 18596 OK
INFO 2023-09-20 15:08:26,204 basehttp 11296 18596 "GET / HTTP/1.1" 200 2205
WARNING 2023-09-20 15:08:26,238 log 11296 18596 Not Found: /style.css
WARNING 2023-09-20 15:08:26,240 log 11296 27564 Not Found: /product1.jpg
WARNING 2023-09-20 15:08:26,240 basehttp 11296 18596 "GET /style.css HTTP/1.1" 404 2538
WARNING 2023-09-20 15:08:26,240 basehttp 11296 27564 "GET /product1.jpg HTTP/1.1" 404 2547
INFO 2023-09-20 15:08:26,307 views 11296 25748 OK
INFO 2023-09-20 15:08:26,307 basehttp 11296 25748 "GET / HTTP/1.1" 200 2205
INFO 2023-09-20 15:09:17,124 autoreload 11296 18512 C:\Users\odaro\pythonProject\DjangoGeelbrains\Seminar1\Home1\shop\views.py changed, reloading.
INFO 2023-09-20 15:09:17,746 autoreload 20940 22992 Watching for file changes with StatReloader
INFO 2023-09-20 15:09:17,991 views 20940 17004 OK
INFO 2023-09-20 15:09:17,992 basehttp 20940 17004 "GET / HTTP/1.1" 200 2380
WARNING 2023-09-20 15:09:18,026 log 20940 17004 Not Found: /style.css
WARNING 2023-09-20 15:09:18,027 log 20940 5996 Not Found: /product1.jpg
WARNING 2023-09-20 15:09:18,028 basehttp 20940 17004 "GET /style.css HTTP/1.1" 404 2538
WARNING 2023-09-20 15:09:18,028 basehttp 20940 5996 "GET /product1.jpg HTTP/1.1" 404 2547
INFO 2023-09-20 15:09:18,093 views 20940 19580 OK
INFO 2023-09-20 15:09:18,094 basehttp 20940 19580 "GET / HTTP/1.1" 200 2380
INFO 2023-09-20 15:14:49,989 views 20940 18740 OK
INFO 2023-09-20 15:14:49,990 basehttp 20940 18740 "GET / HTTP/1.1" 200 2380
WARNING 2023-09-20 15:14:50,020 log 20940 13408 Not Found: /product1.jpg
WARNING 2023-09-20 15:14:50,021 log 20940 18740 Not Found: /style.css
WARNING 2023-09-20 15:14:50,022 basehttp 20940 13408 "GET /product1.jpg HTTP/1.1" 404 2547
WARNING 2023-09-20 15:14:50,022 basehttp 20940 18740 "GET /style.css HTTP/1.1" 404 2538
INFO 2023-09-20 15:14:50,228 views 20940 16632 OK
INFO 2023-09-20 15:14:50,229 basehttp 20940 16632 "GET / HTTP/1.1" 200 2380
INFO 2023-09-20 15:15:17,702 autoreload 20940 22992 C:\Users\odaro\pythonProject\DjangoGeelbrains\Seminar1\Home1\shop\views.py changed, reloading.
INFO 2023-09-20 15:15:18,297 autoreload 19504 26880 Watching for file changes with StatReloader
INFO 2023-09-20 15:15:18,703 views 19504 11992 OK
INFO 2023-09-20 15:15:18,705 basehttp 19504 11992 "GET / HTTP/1.1" 200 2403
WARNING 2023-09-20 15:15:18,742 log 19504 11992 Not Found: /style.css
WARNING 2023-09-20 15:15:18,742 log 19504 13208 Not Found: /product1.jpg
WARNING 2023-09-20 15:15:18,743 basehttp 19504 11992 "GET /style.css HTTP/1.1" 404 2538
WARNING 2023-09-20 15:15:18,743 basehttp 19504 13208 "GET /product1.jpg HTTP/1.1" 404 2547
INFO 2023-09-20 15:15:18,807 views 19504 23852 OK
INFO 2023-09-20 15:15:18,807 basehttp 19504 23852 "GET / HTTP/1.1" 200 2403
INFO 2023-09-20 15:15:19,602 views 19504 13208 OK
INFO 2023-09-20 15:15:19,603 basehttp 19504 13208 "GET / HTTP/1.1" 200 2403
WARNING 2023-09-20 15:15:19,632 log 19504 13208 Not Found: /style.css
WARNING 2023-09-20 15:15:19,632 log 19504 11992 Not Found: /product1.jpg
WARNING 2023-09-20 15:15:19,633 basehttp 19504 13208 "GET /style.css HTTP/1.1" 404 2538
WARNING 2023-09-20 15:15:19,634 basehttp 19504 11992 "GET /product1.jpg HTTP/1.1" 404 2547
INFO 2023-09-20 15:15:19,720 views 19504 23852 OK
INFO 2023-09-20 15:15:19,721 basehttp 19504 23852 "GET / HTTP/1.1" 200 2403
INFO 2023-09-20 15:25:34,733 autoreload 19504 26880 C:\Users\odaro\pythonProject\DjangoGeelbrains\Seminar1\Home1\shop\views.py changed, reloading.
INFO 2023-09-20 15:25:35,398 autoreload 26064 13460 Watching for file changes with StatReloader
INFO 2023-09-20 15:25:36,664 views 26064 9184 OK
INFO 2023-09-20 15:25:36,665 basehttp 26064 9184 "GET / HTTP/1.1" 200 2432
WARNING 2023-09-20 15:25:36,703 log 26064 27332 Not Found: /product1.jpg
WARNING 2023-09-20 15:25:36,704 log 26064 9184 Not Found: /style.css
WARNING 2023-09-20 15:25:36,705 basehttp 26064 9184 "GET /style.css HTTP/1.1" 404 2538
WARNING 2023-09-20 15:25:36,705 basehttp 26064 27332 "GET /product1.jpg HTTP/1.1" 404 2547
INFO 2023-09-20 15:25:37,020 views 26064 23488 OK
INFO 2023-09-20 15:25:37,021 basehttp 26064 23488 "GET / HTTP/1.1" 200 2432
INFO 2023-09-20 15:25:37,516 views 26064 9184 OK
INFO 2023-09-20 15:25:37,517 basehttp 26064 9184 "GET / HTTP/1.1" 200 2432
WARNING 2023-09-20 15:25:37,552 log 26064 27332 Not Found: /product1.jpg
WARNING 2023-09-20 15:25:37,553 log 26064 9184 Not Found: /style.css
WARNING 2023-09-20 15:25:37,553 basehttp 26064 27332 "GET /product1.jpg HTTP/1.1" 404 2547
WARNING 2023-09-20 15:25:37,553 basehttp 26064 9184 "GET /style.css HTTP/1.1" 404 2538
INFO 2023-09-20 15:25:37,619 views 26064 23488 OK
INFO 2023-09-20 15:25:37,620 basehttp 26064 23488 "GET / HTTP/1.1" 200 2432
INFO 2023-09-20 15:26:21,628 autoreload 26064 13460 C:\Users\odaro\pythonProject\DjangoGeelbrains\Seminar1\Home1\shop\views.py changed, reloading.
INFO 2023-09-20 15:26:22,281 autoreload 26228 3128 Watching for file changes with StatReloader
INFO 2023-09-20 15:26:22,564 views 26228 2952 OK
INFO 2023-09-20 15:26:22,565 basehttp 26228 2952 "GET / HTTP/1.1" 200 2492
WARNING 2023-09-20 15:26:22,601 log 26228 26044 Not Found: /product1.jpg
WARNING 2023-09-20 15:26:22,601 basehttp 26228 26044 "GET /product1.jpg HTTP/1.1" 404 2547
WARNING 2023-09-20 15:26:22,602 log 26228 2952 Not Found: /style.css
WARNING 2023-09-20 15:26:22,602 basehttp 26228 2952 "GET /style.css HTTP/1.1" 404 2538
INFO 2023-09-20 15:26:22,666 views 26228 23344 OK
INFO 2023-09-20 15:26:22,666 basehttp 26228 23344 "GET / HTTP/1.1" 200 2492
INFO 2023-09-20 15:26:47,420 autoreload 26228 3128 C:\Users\odaro\pythonProject\DjangoGeelbrains\Seminar1\Home1\shop\views.py changed, reloading.
INFO 2023-09-20 15:26:48,026 autoreload 18440 21984 Watching for file changes with StatReloader
INFO 2023-09-20 15:27:00,668 autoreload 18440 21984 C:\Users\odaro\pythonProject\DjangoGeelbrains\Seminar1\Home1\shop\views.py changed, reloading.
INFO 2023-09-20 15:27:01,272 autoreload 12784 25160 Watching for file changes with StatReloader
INFO 2023-09-20 15:28:20,923 autoreload 12784 25160 C:\Users\odaro\pythonProject\DjangoGeelbrains\Seminar1\Home1\shop\views.py changed, reloading.
INFO 2023-09-20 15:28:21,599 autoreload 9368 25848 Watching for file changes with StatReloader
INFO 2023-09-20 15:28:22,084 views 9368 24644 OK
INFO 2023-09-20 15:28:22,085 basehttp 9368 24644 "GET / HTTP/1.1" 200 2676
WARNING 2023-09-20 15:28:22,121 log 9368 20808 Not Found: /product1.jpg
WARNING 2023-09-20 15:28:22,122 log 9368 24644 Not Found: /style.css
WARNING 2023-09-20 15:28:22,122 basehttp 9368 20808 "GET /product1.jpg HTTP/1.1" 404 2547
WARNING 2023-09-20 15:28:22,123 basehttp 9368 24644 "GET /style.css HTTP/1.1" 404 2538
INFO 2023-09-20 15:28:22,194 views 9368 19420 OK
INFO 2023-09-20 15:28:22,195 basehttp 9368 19420 "GET / HTTP/1.1" 200 2676
INFO 2023-09-20 15:29:15,437 autoreload 9368 25848 C:\Users\odaro\pythonProject\DjangoGeelbrains\Seminar1\Home1\shop\views.py changed, reloading.
INFO 2023-09-20 15:29:16,085 autoreload 19700 12888 Watching for file changes with StatReloader
INFO 2023-09-20 15:29:16,673 views 19700 16388 OK
INFO 2023-09-20 15:29:16,674 basehttp 19700 16388 "GET / HTTP/1.1" 200 2715
WARNING 2023-09-20 15:29:16,709 log 19700 18068 Not Found: /product1.jpg
WARNING 2023-09-20 15:29:16,710 log 19700 16388 Not Found: /style.css
WARNING 2023-09-20 15:29:16,711 basehttp 19700 18068 "GET /product1.jpg HTTP/1.1" 404 2547
WARNING 2023-09-20 15:29:16,711 basehttp 19700 16388 "GET /style.css HTTP/1.1" 404 2538
INFO 2023-09-20 15:29:16,774 views 19700 26056 OK
INFO 2023-09-20 15:29:16,774 basehttp 19700 26056 "GET / HTTP/1.1" 200 2715
INFO 2023-09-20 15:30:13,090 autoreload 19700 12888 C:\Users\odaro\pythonProject\DjangoGeelbrains\Seminar1\Home1\shop\views.py changed, reloading.
INFO 2023-09-20 15:30:13,763 autoreload 22284 10548 Watching for file changes with StatReloader
INFO 2023-09-20 15:30:14,097 views 22284 12356 OK
INFO 2023-09-20 15:30:14,097 basehttp 22284 12356 "GET / HTTP/1.1" 200 2893
WARNING 2023-09-20 15:30:14,125 log 22284 12356 Not Found: /style.css
WARNING 2023-09-20 15:30:14,125 basehttp 22284 12356 "GET /style.css HTTP/1.1" 404 2538
INFO 2023-09-20 15:30:14,192 views 22284 26936 OK
INFO 2023-09-20 15:30:14,193 basehttp 22284 26936 "GET / HTTP/1.1" 200 2893
INFO 2023-09-20 15:30:37,660 autoreload 22284 10548 C:\Users\odaro\pythonProject\DjangoGeelbrains\Seminar1\Home1\shop\views.py changed, reloading.
INFO 2023-09-20 15:30:38,282 autoreload 6544 8696 Watching for file changes with StatReloader
INFO 2023-09-20 15:30:39,045 views 6544 27548 OK
INFO 2023-09-20 15:30:39,046 basehttp 6544 27548 "GET / HTTP/1.1" 200 2922
WARNING 2023-09-20 15:30:39,076 log 6544 27548 Not Found: /style.css
WARNING 2023-09-20 15:30:39,077 basehttp 6544 27548 "GET /style.css HTTP/1.1" 404 2538
INFO 2023-09-20 15:30:39,140 views 6544 10268 OK
INFO 2023-09-20 15:30:39,141 basehttp 6544 10268 "GET / HTTP/1.1" 200 2922
INFO 2023-09-20 15:30:40,035 views 6544 27548 OK
INFO 2023-09-20 15:30:40,036 basehttp 6544 27548 "GET / HTTP/1.1" 200 2922
WARNING 2023-09-20 15:30:40,064 log 6544 27548 Not Found: /style.css
WARNING 2023-09-20 15:30:40,065 basehttp 6544 27548 "GET /style.css HTTP/1.1" 404 2538
INFO 2023-09-20 15:30:40,132 views 6544 10268 OK
INFO 2023-09-20 15:30:40,132 basehttp 6544 10268 "GET / HTTP/1.1" 200 2922
INFO 2023-09-20 15:30:40,345 views 6544 27548 OK
INFO 2023-09-20 15:30:40,346 basehttp 6544 27548 "GET / HTTP/1.1" 200 2922
WARNING 2023-09-20 15:30:40,373 log 6544 27548 Not Found: /style.css
WARNING 2023-09-20 15:30:40,373 basehttp 6544 27548 "GET /style.css HTTP/1.1" 404 2538
INFO 2023-09-20 15:30:40,435 views 6544 10268 OK
INFO 2023-09-20 15:30:40,435 basehttp 6544 10268 "GET / HTTP/1.1" 200 2922
INFO 2023-09-20 15:30:40,556 views 6544 27548 OK
INFO 2023-09-20 15:30:40,557 basehttp 6544 27548 "GET / HTTP/1.1" 200 2922
WARNING 2023-09-20 15:30:40,587 log 6544 27548 Not Found: /style.css
WARNING 2023-09-20 15:30:40,587 basehttp 6544 27548 "GET /style.css HTTP/1.1" 404 2538
INFO 2023-09-20 15:30:40,645 views 6544 10268 OK
INFO 2023-09-20 15:30:40,646 basehttp 6544 10268 "GET / HTTP/1.1" 200 2922
INFO 2023-09-20 15:31:25,272 autoreload 6544 8696 C:\Users\odaro\pythonProject\DjangoGeelbrains\Seminar1\Home1\shop\views.py changed, reloading.
INFO 2023-09-20 15:31:25,944 autoreload 17556 3396 Watching for file changes with StatReloader
INFO 2023-09-20 15:31:26,089 views 17556 24208 OK
INFO 2023-09-20 15:31:26,090 basehttp 17556 24208 "GET / HTTP/1.1" 200 2999
WARNING 2023-09-20 15:31:26,119 log 17556 24208 Not Found: /style.css
WARNING 2023-09-20 15:31:26,120 basehttp 17556 24208 "GET /style.css HTTP/1.1" 404 2538
INFO 2023-09-20 15:31:26,186 views 17556 26776 OK
INFO 2023-09-20 15:31:26,187 basehttp 17556 26776 "GET / HTTP/1.1" 200 2999
INFO 2023-09-20 15:31:26,900 views 17556 24208 OK
INFO 2023-09-20 15:31:26,901 basehttp 17556 24208 "GET / HTTP/1.1" 200 2999
WARNING 2023-09-20 15:31:26,930 log 17556 24208 Not Found: /style.css
WARNING 2023-09-20 15:31:26,930 basehttp 17556 24208 "GET /style.css HTTP/1.1" 404 2538
INFO 2023-09-20 15:31:26,998 views 17556 26776 OK
INFO 2023-09-20 15:31:26,999 basehttp 17556 26776 "GET / HTTP/1.1" 200 2999
INFO 2023-09-20 15:31:56,160 autoreload 17556 3396 C:\Users\odaro\pythonProject\DjangoGeelbrains\Seminar1\Home1\shop\views.py changed, reloading.
INFO 2023-09-20 15:31:56,755 autoreload 26936 2988 Watching for file changes with StatReloader
INFO 2023-09-20 15:32:16,479 autoreload 26936 2988 C:\Users\odaro\pythonProject\DjangoGeelbrains\Seminar1\Home1\shop\views.py changed, reloading.
INFO 2023-09-20 15:32:17,130 autoreload 23800 7348 Watching for file changes with StatReloader
INFO 2023-09-20 15:32:29,057 views 23800 22600 OK
INFO 2023-09-20 15:32:29,059 basehttp 23800 22600 "GET / HTTP/1.1" 200 3056
WARNING 2023-09-20 15:32:29,098 log 23800 22600 Not Found: /style.css
WARNING 2023-09-20 15:32:29,098 basehttp 23800 22600 "GET /style.css HTTP/1.1" 404 2538
INFO 2023-09-20 15:32:29,170 views 23800 18400 OK
INFO 2023-09-20 15:32:29,171 basehttp 23800 18400 "GET / HTTP/1.1" 200 3056
INFO 2023-09-20 15:32:29,719 views 23800 22600 OK
INFO 2023-09-20 15:32:29,720 basehttp 23800 22600 "GET / HTTP/1.1" 200 3056
WARNING 2023-09-20 15:32:29,751 log 23800 22600 Not Found: /style.css
WARNING 2023-09-20 15:32:29,752 basehttp 23800 22600 "GET /style.css HTTP/1.1" 404 2538
INFO 2023-09-20 15:32:29,814 views 23800 18400 OK
INFO 2023-09-20 15:32:29,815 basehttp 23800 18400 "GET / HTTP/1.1" 200 3056
INFO 2023-09-20 15:32:29,916 views 23800 22600 OK
INFO 2023-09-20 15:32:29,917 basehttp 23800 22600 "GET / HTTP/1.1" 200 3056
WARNING 2023-09-20 15:32:29,949 log 23800 22600 Not Found: /style.css
WARNING 2023-09-20 15:32:29,949 basehttp 23800 22600 "GET /style.css HTTP/1.1" 404 2538
INFO 2023-09-20 15:32:30,012 views 23800 18400 OK
INFO 2023-09-20 15:32:30,014 basehttp 23800 18400 "GET / HTTP/1.1" 200 3056
INFO 2023-09-20 15:33:05,252 autoreload 23800 7348 C:\Users\odaro\pythonProject\DjangoGeelbrains\Seminar1\Home1\shop\views.py changed, reloading.
INFO 2023-09-20 15:33:05,799 autoreload 25676 1860 Watching for file changes with StatReloader
INFO 2023-09-20 15:33:06,064 views 25676 17660 OK
INFO 2023-09-20 15:33:06,065 basehttp 25676 17660 "GET / HTTP/1.1" 200 3048
WARNING 2023-09-20 15:33:06,098 log 25676 17660 Not Found: /style.css
WARNING 2023-09-20 15:33:06,098 basehttp 25676 17660 "GET /style.css HTTP/1.1" 404 2538
INFO 2023-09-20 15:33:06,164 views 25676 26696 OK
INFO 2023-09-20 15:33:06,165 basehttp 25676 26696 "GET / HTTP/1.1" 200 3048
INFO 2023-09-20 15:33:27,774 autoreload 25676 1860 C:\Users\odaro\pythonProject\DjangoGeelbrains\Seminar1\Home1\shop\views.py changed, reloading.
INFO 2023-09-20 15:33:28,381 autoreload 27132 20092 Watching for file changes with StatReloader
INFO 2023-09-20 15:33:28,767 views 27132 14156 OK
INFO 2023-09-20 15:33:28,768 basehttp 27132 14156 "GET / HTTP/1.1" 200 3048
WARNING 2023-09-20 15:33:28,802 log 27132 14156 Not Found: /style.css
WARNING 2023-09-20 15:33:28,803 basehttp 27132 14156 "GET /style.css HTTP/1.1" 404 2538
INFO 2023-09-20 15:33:28,872 views 27132 11204 OK
INFO 2023-09-20 15:33:28,874 basehttp 27132 11204 "GET / HTTP/1.1" 200 3048
INFO 2023-09-20 15:33:33,786 views 27132 14156 about
INFO 2023-09-20 15:33:33,787 basehttp 27132 14156 "GET /about/ HTTP/1.1" 200 3222
INFO 2023-09-20 15:33:33,889 views 27132 11204 about
INFO 2023-09-20 15:33:33,891 basehttp 27132 11204 "GET /about/ HTTP/1.1" 200 3222
INFO 2023-09-20 15:33:39,182 views 27132 11204 OK
INFO 2023-09-20 15:33:39,183 basehttp 27132 11204 "GET / HTTP/1.1" 200 3048
INFO 2023-09-20 15:33:41,759 views 27132 11204 about
INFO 2023-09-20 15:33:41,759 basehttp 27132 11204 "GET /about/ HTTP/1.1" 200 3222
INFO 2023-09-20 15:34:29,705 autoreload 27132 20092 C:\Users\odaro\pythonProject\DjangoGeelbrains\Seminar1\Home1\shop\views.py changed, reloading.
INFO 2023-09-20 15:34:30,290 autoreload 9324 13000 Watching for file changes with StatReloader
INFO 2023-09-20 15:34:30,439 views 9324 17068 about
INFO 2023-09-20 15:34:30,440 basehttp 9324 17068 "GET /about/ HTTP/1.1" 200 3245
INFO 2023-09-20 15:34:30,536 views 9324 23004 about
INFO 2023-09-20 15:34:30,537 basehttp 9324 23004 "GET /about/ HTTP/1.1" 200 3245
